Watching for file changes with StatReloader
/Users/syedamirshah/Documents/Learnify-Amir/backend/venv/lib/python3.9/site-packages/urllib3/__init__.py:35: NotOpenSSLWarning: urllib3 v2 only supports OpenSSL 1.1.1+, currently the 'ssl' module is compiled with 'LibreSSL 2.8.3'. See: https://github.com/urllib3/urllib3/issues/3020
  warnings.warn(
System check identified some issues:

WARNINGS:
?: (ckeditor.W001) django-ckeditor bundles CKEditor 4.22.1 which isn't supported anymore and which does have unfixed security issues, see for example https://ckeditor.com/cke4/release/CKEditor-4.24.0-LTS . You should consider strongly switching to a different editor (maybe CKEditor 5 respectively django-ckeditor-5 after checking whether the CKEditor 5 license terms work for you) or switch to the non-free CKEditor 4 LTS package. See https://ckeditor.com/ckeditor-4-support/ for more on this. (Note! This notice has been added by the django-ckeditor developers and we are not affiliated with CKSource and were not involved in the licensing change, so please refrain from complaining to us. Thanks.)

System check identified 1 issue (0 silenced).
[13/Jul/2025 08:28:39] "POST /api/quiz/start/9/ HTTP/1.1" 200 1044
[13/Jul/2025 08:28:39] "POST /api/quiz/start/9/ HTTP/1.1" 200 1052
[13/Jul/2025 08:30:55] "POST /api/quiz/start/9/ HTTP/1.1" 200 1046
[13/Jul/2025 08:30:55] "POST /api/quiz/start/9/ HTTP/1.1" 200 1050
[13/Jul/2025 08:41:49] "POST /api/quiz/start/9/ HTTP/1.1" 200 1050
[13/Jul/2025 08:41:49] "POST /api/quiz/start/9/ HTTP/1.1" 200 1046
[13/Jul/2025 09:29:35] "GET /admin/dashboard/question-bank/ HTTP/1.1" 200 7288
[13/Jul/2025 10:09:04] "POST /api/quiz/start/9/ HTTP/1.1" 200 1044
[13/Jul/2025 10:09:04] "POST /api/quiz/start/9/ HTTP/1.1" 200 1052
[13/Jul/2025 10:19:47] "POST /api/quiz/start/9/ HTTP/1.1" 200 1050
[13/Jul/2025 10:19:47] "POST /api/quiz/start/9/ HTTP/1.1" 200 1044
[13/Jul/2025 10:19:57] "POST /api/quiz/start/9/ HTTP/1.1" 200 1044
[13/Jul/2025 10:19:57] "POST /api/quiz/start/9/ HTTP/1.1" 200 1052
[13/Jul/2025 10:39:47] "POST /api/quiz/start/9/ HTTP/1.1" 200 1046
[13/Jul/2025 10:39:47] "POST /api/quiz/start/9/ HTTP/1.1" 200 1052
[13/Jul/2025 13:10:59] "POST /api/quiz/start/9/ HTTP/1.1" 200 1050
[13/Jul/2025 13:10:59] "POST /api/quiz/start/9/ HTTP/1.1" 200 1042
[13/Jul/2025 15:57:36] "POST /api/quiz/start/9/ HTTP/1.1" 200 1050
[13/Jul/2025 15:57:36] "POST /api/quiz/start/9/ HTTP/1.1" 200 1046
[13/Jul/2025 16:11:30] "POST /api/quiz/start/9/ HTTP/1.1" 200 1050
[13/Jul/2025 16:11:30] "POST /api/quiz/start/9/ HTTP/1.1" 200 1050
[13/Jul/2025 16:23:52] "POST /api/quiz/start/9/ HTTP/1.1" 200 1052
[13/Jul/2025 16:23:52] "POST /api/quiz/start/9/ HTTP/1.1" 200 1042
[14/Jul/2025 05:43:16] "POST /api/quiz/start/9/ HTTP/1.1" 200 1044
[14/Jul/2025 05:43:16] "POST /api/quiz/start/9/ HTTP/1.1" 200 1042
[14/Jul/2025 05:43:16] "GET /media/uploads/2025/06/17/screen-shot-2023-09-04-at-75645-pm.png HTTP/1.1" 304 0
[14/Jul/2025 05:43:16] "GET /media/uploads/2025/06/17/screen-shot-2023-09-04-at-75522-pm.png HTTP/1.1" 304 0
[14/Jul/2025 07:40:45] "POST /api/quiz/start/9/ HTTP/1.1" 200 1050
[14/Jul/2025 07:40:45] "POST /api/quiz/start/9/ HTTP/1.1" 200 1046
[14/Jul/2025 07:40:46] "GET /media/uploads/2025/06/17/screen-shot-2023-09-04-at-75825-pm_1KgD5zD.png HTTP/1.1" 304 0
[14/Jul/2025 09:43:37] "GET /admin/ HTTP/1.1" 200 2856
[14/Jul/2025 09:43:54] "GET /api/landing/quizzes/ HTTP/1.1" 200 602
[14/Jul/2025 09:43:54] "GET /api/landing/quizzes/ HTTP/1.1" 200 602
[14/Jul/2025 09:50:53] "GET /api/landing/quizzes/ HTTP/1.1" 200 602
[14/Jul/2025 09:50:53] "GET /api/landing/quizzes/ HTTP/1.1" 200 602
[15/Jul/2025 15:44:33] "GET /admin/ HTTP/1.1" 302 0
[15/Jul/2025 15:44:33] "GET /admin/login/?next=/admin/ HTTP/1.1" 200 4181
[15/Jul/2025 15:44:33] "GET /static/admin/css/nav_sidebar.css HTTP/1.1" 200 2694
[15/Jul/2025 15:44:33] "GET /static/admin/css/dark_mode.css HTTP/1.1" 200 2929
[15/Jul/2025 15:44:33] "GET /static/admin/css/login.css HTTP/1.1" 200 958
[15/Jul/2025 15:44:33] "GET /static/admin/css/responsive.css HTTP/1.1" 200 18559
[15/Jul/2025 15:44:33] "GET /static/admin/css/base.css HTTP/1.1" 200 21310
[15/Jul/2025 15:44:33] "GET /static/admin/js/theme.js HTTP/1.1" 200 1943
[15/Jul/2025 15:44:33] "GET /static/admin/js/nav_sidebar.js HTTP/1.1" 200 3063
Not Found: /favicon.ico
[15/Jul/2025 15:44:33] "GET /favicon.ico HTTP/1.1" 404 14266
[15/Jul/2025 15:44:39] "POST /admin/login/?next=/admin/ HTTP/1.1" 302 0
[15/Jul/2025 15:44:39] "GET /admin/ HTTP/1.1" 200 2856
[15/Jul/2025 15:44:43] "GET /admin/dashboard/users/ HTTP/1.1" 200 2521
[15/Jul/2025 15:44:44] "GET /admin/core/user/complete_user_data/ HTTP/1.1" 200 39247
[15/Jul/2025 15:44:56] "GET /admin/dashboard/users/ HTTP/1.1" 200 2521
[15/Jul/2025 15:44:58] "GET /manage-subscriptions/ HTTP/1.1" 200 32980
[15/Jul/2025 17:41:12] "GET /admin/dashboard/question-bank/ HTTP/1.1" 200 7288
[15/Jul/2025 17:41:14] "GET /admin/dashboard/quizzes/ HTTP/1.1" 200 3693
[15/Jul/2025 17:41:36] "GET /admin/ HTTP/1.1" 200 2856
[15/Jul/2025 17:41:54] "GET /admin/ HTTP/1.1" 200 2856
[15/Jul/2025 17:41:56] "GET /admin/ HTTP/1.1" 200 2856
[15/Jul/2025 17:41:58] "GET /admin/dashboard/users/ HTTP/1.1" 200 2521
[15/Jul/2025 17:41:59] "GET /admin/core/user/add/ HTTP/1.1" 200 24770
[15/Jul/2025 17:41:59] "GET /static/admin/js/calendar.js HTTP/1.1" 200 8466
[15/Jul/2025 17:41:59] "GET /static/admin/css/forms.css HTTP/1.1" 200 9090
[15/Jul/2025 17:41:59] "GET /static/admin/js/jquery.init.js HTTP/1.1" 200 347
[15/Jul/2025 17:41:59] "GET /static/admin/js/admin/RelatedObjectLookups.js HTTP/1.1" 200 8943
[15/Jul/2025 17:41:59] "GET /static/admin/js/core.js HTTP/1.1" 200 5682
[15/Jul/2025 17:41:59] "GET /static/admin/js/admin/DateTimeShortcuts.js HTTP/1.1" 200 19319
[15/Jul/2025 17:41:59] "GET /static/admin/css/widgets.css HTTP/1.1" 200 11921
[15/Jul/2025 17:41:59] "GET /admin/jsi18n/ HTTP/1.1" 200 3343
[15/Jul/2025 17:41:59] "GET /static/admin/js/actions.js HTTP/1.1" 200 7872
[15/Jul/2025 17:41:59] "GET /static/admin/js/urlify.js HTTP/1.1" 200 7887
[15/Jul/2025 17:41:59] "GET /static/admin/js/prepopulate.js HTTP/1.1" 200 1531
[15/Jul/2025 17:41:59] "GET /static/admin/js/prepopulate_init.js HTTP/1.1" 200 586
[15/Jul/2025 17:41:59] "GET /static/admin/js/vendor/jquery/jquery.js HTTP/1.1" 200 292458
[15/Jul/2025 17:41:59] "GET /static/admin/js/vendor/xregexp/xregexp.js HTTP/1.1" 200 232381
[15/Jul/2025 17:41:59] "GET /static/admin/js/change_form.js HTTP/1.1" 200 606
[15/Jul/2025 17:41:59] "GET /static/admin/img/icon-addlink.svg HTTP/1.1" 200 331
[15/Jul/2025 17:41:59] "GET /static/admin/img/icon-calendar.svg HTTP/1.1" 200 1086
[15/Jul/2025 17:42:06] "GET /admin/core/user/bulk_upload/ HTTP/1.1" 200 2854
[15/Jul/2025 17:42:12] "GET /admin/core/user/complete_user_data/ HTTP/1.1" 200 39247
[15/Jul/2025 17:42:28] "GET /admin/dashboard/users/ HTTP/1.1" 200 2521
[15/Jul/2025 17:42:29] "GET /manage-subscriptions/ HTTP/1.1" 200 32980
[15/Jul/2025 17:42:34] "GET /admin/dashboard/quizzes/ HTTP/1.1" 200 3693
[15/Jul/2025 17:42:38] "GET /admin/core/quiz/add/ HTTP/1.1" 200 20639
[15/Jul/2025 17:42:38] "GET /static/admin/img/icon-deletelink.svg HTTP/1.1" 200 392
[15/Jul/2025 17:42:38] "GET /static/admin/img/icon-changelink.svg HTTP/1.1" 200 380
[15/Jul/2025 17:42:38] "GET /static/admin/img/icon-viewlink.svg HTTP/1.1" 200 581
[15/Jul/2025 17:42:38] "GET /admin/jsi18n/ HTTP/1.1" 200 3343
[15/Jul/2025 17:43:10] "GET /admin/core/quiz/add/ HTTP/1.1" 200 20639
[15/Jul/2025 17:43:10] "GET /admin/jsi18n/ HTTP/1.1" 200 3343
[15/Jul/2025 17:43:44] "GET /admin/core/quiz-question-assignments/ HTTP/1.1" 200 9258
[15/Jul/2025 17:43:47] "GET /admin/core/grade/ HTTP/1.1" 200 11199
[15/Jul/2025 17:43:47] "GET /static/admin/css/changelists.css HTTP/1.1" 200 6566
[15/Jul/2025 17:43:47] "GET /admin/jsi18n/ HTTP/1.1" 200 3343
[15/Jul/2025 17:43:47] "GET /static/admin/js/filters.js HTTP/1.1" 200 978
[15/Jul/2025 17:43:47] "GET /static/admin/img/tooltag-add.svg HTTP/1.1" 200 331
[15/Jul/2025 17:43:50] "GET /admin/core/subject/ HTTP/1.1" 200 11439
[15/Jul/2025 17:43:50] "GET /admin/jsi18n/ HTTP/1.1" 200 3343
[15/Jul/2025 17:43:56] "GET /admin/core/chapter/ HTTP/1.1" 200 11481
[15/Jul/2025 17:43:56] "GET /admin/jsi18n/ HTTP/1.1" 200 3343
[15/Jul/2025 17:44:01] "GET /admin/core/quiz/add/ HTTP/1.1" 200 20639
[15/Jul/2025 17:44:01] "GET /admin/jsi18n/ HTTP/1.1" 200 3343
[15/Jul/2025 17:44:08] "GET /admin/core/list-quizzes/ HTTP/1.1" 200 13634
[15/Jul/2025 17:44:17] "GET /admin/dashboard/question-bank/ HTTP/1.1" 200 7288
[15/Jul/2025 17:44:19] "GET /api/admin/question-bank/edit/5/ HTTP/1.1" 200 3332
[15/Jul/2025 17:44:24] "GET /preview-questions/5/ HTTP/1.1" 200 2192
[15/Jul/2025 17:44:29] "GET /admin/dashboard/question-bank/ HTTP/1.1" 200 7288
[15/Jul/2025 17:44:31] "GET /preview-questions/4/ HTTP/1.1" 200 12045
[15/Jul/2025 17:44:31] "GET /media/uploads/2025/06/17/screen-shot-2023-09-04-at-75522-pm.png HTTP/1.1" 200 70165
[15/Jul/2025 17:44:31] "GET /media/uploads/2025/06/17/screen-shot-2023-09-04-at-75814-pm.png HTTP/1.1" 200 120797
[15/Jul/2025 17:44:31] "GET /media/uploads/2025/06/17/screen-shot-2023-09-04-at-75825-pm_1KgD5zD.png HTTP/1.1" 200 115196
[15/Jul/2025 17:44:31] "GET /media/uploads/2025/06/17/screen-shot-2023-09-04-at-75645-pm.png HTTP/1.1" 200 133134
[15/Jul/2025 17:44:31] "GET /media/uploads/2025/06/17/screen-shot-2023-09-04-at-75558-pm.png HTTP/1.1" 200 141675
[15/Jul/2025 17:44:43] "GET /preview-questions/2/ HTTP/1.1" 200 10879
[15/Jul/2025 17:44:48] "GET /admin/dashboard/quizzes/ HTTP/1.1" 200 3693
[15/Jul/2025 17:44:51] "GET /admin/core/list-quizzes/ HTTP/1.1" 200 13634
[15/Jul/2025 17:44:53] "POST /api/quiz/start/10/ HTTP/1.1" 200 627
[15/Jul/2025 17:44:53] "POST /api/quiz/start/10/ HTTP/1.1" 200 628
Not Found: /
[15/Jul/2025 17:45:47] "GET / HTTP/1.1" 404 14215
Not Found: /
[15/Jul/2025 17:45:55] "GET / HTTP/1.1" 404 14215
[15/Jul/2025 17:46:43] "GET /admin/ HTTP/1.1" 200 2856
[15/Jul/2025 17:46:45] "GET /admin/dashboard/users/ HTTP/1.1" 200 2521
[15/Jul/2025 17:46:47] "GET /admin/dashboard/question-bank/ HTTP/1.1" 200 7288
[15/Jul/2025 17:46:48] "GET /admin/dashboard/quizzes/ HTTP/1.1" 200 3693
[15/Jul/2025 17:46:49] "GET /admin/backups/ HTTP/1.1" 200 4857
[15/Jul/2025 17:46:50] "GET /honor-roll HTTP/1.1" 200 4971
[15/Jul/2025 17:46:50] "GET /api/honors/shining-stars/ HTTP/1.1" 200 223
[15/Jul/2025 17:46:53] "GET /admin/stats-dashboard/ HTTP/1.1" 200 17368
[15/Jul/2025 17:46:55] "GET /admin/backups/ HTTP/1.1" 200 4857
[15/Jul/2025 17:46:58] "GET /admin/ HTTP/1.1" 200 2856
[15/Jul/2025 17:53:50] "GET /admin/dashboard/quizzes/ HTTP/1.1" 200 3693
[15/Jul/2025 18:12:32] "POST /api/quiz/start/11/ HTTP/1.1" 200 569
[15/Jul/2025 18:12:32] "POST /api/quiz/start/11/ HTTP/1.1" 200 576
[16/Jul/2025 08:38:58] "OPTIONS /api/landing/quizzes/ HTTP/1.1" 200 0
[16/Jul/2025 08:38:58] "GET /api/landing/quizzes/ HTTP/1.1" 200 602
[16/Jul/2025 08:39:02] "OPTIONS /api/landing/quizzes/ HTTP/1.1" 200 0
[16/Jul/2025 08:39:02] "GET /api/landing/quizzes/ HTTP/1.1" 200 602
[16/Jul/2025 08:56:43] "OPTIONS /api/landing/quizzes/ HTTP/1.1" 200 0
[16/Jul/2025 08:56:43] "GET /api/landing/quizzes/ HTTP/1.1" 200 602
[16/Jul/2025 08:57:53] "OPTIONS /api/landing/quizzes/ HTTP/1.1" 200 0
[16/Jul/2025 08:57:53] "GET /api/landing/quizzes/ HTTP/1.1" 200 602
[16/Jul/2025 08:59:52] "OPTIONS /api/landing/quizzes/ HTTP/1.1" 200 0
[16/Jul/2025 08:59:52] "GET /api/landing/quizzes/ HTTP/1.1" 200 602
[16/Jul/2025 09:11:33] "OPTIONS /api/landing/quizzes/ HTTP/1.1" 200 0
[16/Jul/2025 09:11:33] "GET /api/landing/quizzes/ HTTP/1.1" 200 602
[16/Jul/2025 13:28:29] "OPTIONS /api/landing/quizzes/ HTTP/1.1" 200 0
[16/Jul/2025 13:28:29] "GET /api/landing/quizzes/ HTTP/1.1" 200 602
[16/Jul/2025 13:28:56] "OPTIONS /api/landing/quizzes/ HTTP/1.1" 200 0
[16/Jul/2025 13:28:56] "GET /api/landing/quizzes/ HTTP/1.1" 200 602
[16/Jul/2025 13:50:19] "OPTIONS /api/token/ HTTP/1.1" 200 0
[16/Jul/2025 17:55:19] "GET /admin/core/quiz/add/ HTTP/1.1" 200 20639
[16/Jul/2025 17:55:20] "GET /admin/jsi18n/ HTTP/1.1" 200 3343
[16/Jul/2025 17:55:23] "GET /admin/ HTTP/1.1" 200 2856
Internal Server Error: /admin/
Traceback (most recent call last):
  File "/Users/syedamirshah/Documents/Learnify-Amir/backend/venv/lib/python3.9/site-packages/django/core/handlers/exception.py", line 55, in inner
    response = get_response(request)
  File "/Users/syedamirshah/Documents/Learnify-Amir/backend/venv/lib/python3.9/site-packages/django/core/handlers/base.py", line 220, in _get_response
    response = response.render()
  File "/Users/syedamirshah/Documents/Learnify-Amir/backend/venv/lib/python3.9/site-packages/django/template/response.py", line 114, in render
    self.content = self.rendered_content
  File "/Users/syedamirshah/Documents/Learnify-Amir/backend/venv/lib/python3.9/site-packages/django/template/response.py", line 92, in rendered_content
    return template.render(context, self._request)
  File "/Users/syedamirshah/Documents/Learnify-Amir/backend/venv/lib/python3.9/site-packages/django/template/backends/django.py", line 61, in render
    return self.template.render(context)
  File "/Users/syedamirshah/Documents/Learnify-Amir/backend/venv/lib/python3.9/site-packages/django/template/base.py", line 175, in render
    return self._render(context)
  File "/Users/syedamirshah/Documents/Learnify-Amir/backend/venv/lib/python3.9/site-packages/django/template/base.py", line 167, in _render
    return self.nodelist.render(context)
  File "/Users/syedamirshah/Documents/Learnify-Amir/backend/venv/lib/python3.9/site-packages/django/template/base.py", line 1005, in render
    return SafeString("".join([node.render_annotated(context) for node in self]))
  File "/Users/syedamirshah/Documents/Learnify-Amir/backend/venv/lib/python3.9/site-packages/django/template/base.py", line 1005, in <listcomp>
    return SafeString("".join([node.render_annotated(context) for node in self]))
  File "/Users/syedamirshah/Documents/Learnify-Amir/backend/venv/lib/python3.9/site-packages/django/template/base.py", line 966, in render_annotated
    return self.render(context)
  File "/Users/syedamirshah/Documents/Learnify-Amir/backend/venv/lib/python3.9/site-packages/django/template/loader_tags.py", line 157, in render
    return compiled_parent._render(context)
  File "/Users/syedamirshah/Documents/Learnify-Amir/backend/venv/lib/python3.9/site-packages/django/template/base.py", line 167, in _render
    return self.nodelist.render(context)
  File "/Users/syedamirshah/Documents/Learnify-Amir/backend/venv/lib/python3.9/site-packages/django/template/base.py", line 1005, in render
    return SafeString("".join([node.render_annotated(context) for node in self]))
  File "/Users/syedamirshah/Documents/Learnify-Amir/backend/venv/lib/python3.9/site-packages/django/template/base.py", line 1005, in <listcomp>
    return SafeString("".join([node.render_annotated(context) for node in self]))
  File "/Users/syedamirshah/Documents/Learnify-Amir/backend/venv/lib/python3.9/site-packages/django/template/base.py", line 966, in render_annotated
    return self.render(context)
  File "/Users/syedamirshah/Documents/Learnify-Amir/backend/venv/lib/python3.9/site-packages/django/template/loader_tags.py", line 63, in render
    result = block.nodelist.render(context)
  File "/Users/syedamirshah/Documents/Learnify-Amir/backend/venv/lib/python3.9/site-packages/django/template/base.py", line 1005, in render
    return SafeString("".join([node.render_annotated(context) for node in self]))
  File "/Users/syedamirshah/Documents/Learnify-Amir/backend/venv/lib/python3.9/site-packages/django/template/base.py", line 1005, in <listcomp>
    return SafeString("".join([node.render_annotated(context) for node in self]))
  File "/Users/syedamirshah/Documents/Learnify-Amir/backend/venv/lib/python3.9/site-packages/django/template/base.py", line 966, in render_annotated
    return self.render(context)
  File "/Users/syedamirshah/Documents/Learnify-Amir/backend/venv/lib/python3.9/site-packages/django/template/defaulttags.py", line 321, in render
    return nodelist.render(context)
  File "/Users/syedamirshah/Documents/Learnify-Amir/backend/venv/lib/python3.9/site-packages/django/template/base.py", line 1005, in render
    return SafeString("".join([node.render_annotated(context) for node in self]))
  File "/Users/syedamirshah/Documents/Learnify-Amir/backend/venv/lib/python3.9/site-packages/django/template/base.py", line 1005, in <listcomp>
    return SafeString("".join([node.render_annotated(context) for node in self]))
  File "/Users/syedamirshah/Documents/Learnify-Amir/backend/venv/lib/python3.9/site-packages/django/template/base.py", line 966, in render_annotated
    return self.render(context)
  File "/Users/syedamirshah/Documents/Learnify-Amir/backend/venv/lib/python3.9/site-packages/django/template/defaulttags.py", line 471, in render
    url = reverse(view_name, args=args, kwargs=kwargs, current_app=current_app)
  File "/Users/syedamirshah/Documents/Learnify-Amir/backend/venv/lib/python3.9/site-packages/django/urls/base.py", line 88, in reverse
    return resolver._reverse_with_prefix(view, prefix, *args, **kwargs)
  File "/Users/syedamirshah/Documents/Learnify-Amir/backend/venv/lib/python3.9/site-packages/django/urls/resolvers.py", line 828, in _reverse_with_prefix
    raise NoReverseMatch(msg)
django.urls.exceptions.NoReverseMatch: Reverse for 'logout' not found. 'logout' is not a valid view function or pattern name.
[16/Jul/2025 18:00:08] "GET /admin/ HTTP/1.1" 500 305031
/Users/syedamirshah/Documents/Learnify-Amir/backend/core/urls.py changed, reloading.
Performing system checks...

July 13, 2025 - 08:06:12
Django version 4.2.21, using settings 'learnify.settings'
Starting development server at http://0.0.0.0:8000/
Quit the server with CONTROL-C.

‚àö√Æ¬¨¬£‚àö‚àè‚Äö√†√∂¬¨‚à´‚Äö√†√∂¬¨¬µ‚Äö√Ñ√∂‚àö√ë‚Äö√Ñ‚Ä†‚Äö√†√∂‚àö√Ü‚Äö√Ñ√∂‚àö‚Ä†‚àö¬Æ‚Äö√†√∂¬¨√Ü Honor Roll Data: [
  {
    "grade": "Grade 2",
    "top_students": [
      {
        "full_name": "Studen Two Two",
        "username": "student2",
        "school": "sdfsdfsd",
        "city": "Khairpur",
        "province": "Khyber-Pakhtunkhwa",
        "total_marks": 125,
        "quizzes_attempted": 3,
        "average_score": 41.67
      }
    ]
  }
]
Watching for file changes with StatReloader
/Users/syedamirshah/Documents/Learnify-Amir/backend/venv/lib/python3.9/site-packages/urllib3/__init__.py:35: NotOpenSSLWarning: urllib3 v2 only supports OpenSSL 1.1.1+, currently the 'ssl' module is compiled with 'LibreSSL 2.8.3'. See: https://github.com/urllib3/urllib3/issues/3020
  warnings.warn(
System check identified some issues:

WARNINGS:
?: (ckeditor.W001) django-ckeditor bundles CKEditor 4.22.1 which isn't supported anymore and which does have unfixed security issues, see for example https://ckeditor.com/cke4/release/CKEditor-4.24.0-LTS . You should consider strongly switching to a different editor (maybe CKEditor 5 respectively django-ckeditor-5 after checking whether the CKEditor 5 license terms work for you) or switch to the non-free CKEditor 4 LTS package. See https://ckeditor.com/ckeditor-4-support/ for more on this. (Note! This notice has been added by the django-ckeditor developers and we are not affiliated with CKSource and were not involved in the licensing change, so please refrain from complaining to us. Thanks.)

System check identified 1 issue (0 silenced).
[16/Jul/2025 18:02:02] "GET /admin/ HTTP/1.1" 200 3241
[16/Jul/2025 18:02:14] "GET /api/logout/ HTTP/1.1" 302 0
Internal Server Error: /api/login/
Traceback (most recent call last):
  File "/Users/syedamirshah/Documents/Learnify-Amir/backend/venv/lib/python3.9/site-packages/django/core/handlers/exception.py", line 55, in inner
    response = get_response(request)
  File "/Users/syedamirshah/Documents/Learnify-Amir/backend/venv/lib/python3.9/site-packages/django/core/handlers/base.py", line 220, in _get_response
    response = response.render()
  File "/Users/syedamirshah/Documents/Learnify-Amir/backend/venv/lib/python3.9/site-packages/django/template/response.py", line 114, in render
    self.content = self.rendered_content
  File "/Users/syedamirshah/Documents/Learnify-Amir/backend/venv/lib/python3.9/site-packages/django/template/response.py", line 90, in rendered_content
    template = self.resolve_template(self.template_name)
  File "/Users/syedamirshah/Documents/Learnify-Amir/backend/venv/lib/python3.9/site-packages/django/template/response.py", line 72, in resolve_template
    return select_template(template, using=self.using)
  File "/Users/syedamirshah/Documents/Learnify-Amir/backend/venv/lib/python3.9/site-packages/django/template/loader.py", line 47, in select_template
    raise TemplateDoesNotExist(", ".join(template_name_list), chain=chain)
django.template.exceptions.TemplateDoesNotExist: registration/login.html
[16/Jul/2025 18:02:14] "GET /api/login/ HTTP/1.1" 500 81695
[16/Jul/2025 18:02:19] "GET /admin/ HTTP/1.1" 302 0
[16/Jul/2025 18:02:19] "GET /admin/login/?next=/admin/ HTTP/1.1" 200 4181
[16/Jul/2025 18:02:21] "POST /admin/login/?next=/admin/ HTTP/1.1" 302 0
[16/Jul/2025 18:02:21] "GET /admin/ HTTP/1.1" 200 3241
[16/Jul/2025 18:02:24] "GET /api/logout/ HTTP/1.1" 302 0
Internal Server Error: /api/login/
Traceback (most recent call last):
  File "/Users/syedamirshah/Documents/Learnify-Amir/backend/venv/lib/python3.9/site-packages/django/core/handlers/exception.py", line 55, in inner
    response = get_response(request)
  File "/Users/syedamirshah/Documents/Learnify-Amir/backend/venv/lib/python3.9/site-packages/django/core/handlers/base.py", line 220, in _get_response
    response = response.render()
  File "/Users/syedamirshah/Documents/Learnify-Amir/backend/venv/lib/python3.9/site-packages/django/template/response.py", line 114, in render
    self.content = self.rendered_content
  File "/Users/syedamirshah/Documents/Learnify-Amir/backend/venv/lib/python3.9/site-packages/django/template/response.py", line 90, in rendered_content
    template = self.resolve_template(self.template_name)
  File "/Users/syedamirshah/Documents/Learnify-Amir/backend/venv/lib/python3.9/site-packages/django/template/response.py", line 72, in resolve_template
    return select_template(template, using=self.using)
  File "/Users/syedamirshah/Documents/Learnify-Amir/backend/venv/lib/python3.9/site-packages/django/template/loader.py", line 47, in select_template
    raise TemplateDoesNotExist(", ".join(template_name_list), chain=chain)
django.template.exceptions.TemplateDoesNotExist: registration/login.html
[16/Jul/2025 18:02:24] "GET /api/login/ HTTP/1.1" 500 81695
[16/Jul/2025 18:02:47] "GET /admin/dashboard/question-bank/ HTTP/1.1" 302 0
[16/Jul/2025 18:02:47] "GET /admin/login/?next=/admin/dashboard/question-bank/ HTTP/1.1" 200 4229
[16/Jul/2025 18:02:49] "POST /admin/login/?next=/admin/dashboard/question-bank/ HTTP/1.1" 302 0
[16/Jul/2025 18:02:49] "GET /admin/dashboard/question-bank/ HTTP/1.1" 200 7288
[16/Jul/2025 18:02:51] "GET /admin/ HTTP/1.1" 200 3241
[16/Jul/2025 18:03:00] "GET /api/logout/ HTTP/1.1" 302 0
Internal Server Error: /api/login/
Traceback (most recent call last):
  File "/Users/syedamirshah/Documents/Learnify-Amir/backend/venv/lib/python3.9/site-packages/django/core/handlers/exception.py", line 55, in inner
    response = get_response(request)
  File "/Users/syedamirshah/Documents/Learnify-Amir/backend/venv/lib/python3.9/site-packages/django/core/handlers/base.py", line 220, in _get_response
    response = response.render()
  File "/Users/syedamirshah/Documents/Learnify-Amir/backend/venv/lib/python3.9/site-packages/django/template/response.py", line 114, in render
    self.content = self.rendered_content
  File "/Users/syedamirshah/Documents/Learnify-Amir/backend/venv/lib/python3.9/site-packages/django/template/response.py", line 90, in rendered_content
    template = self.resolve_template(self.template_name)
  File "/Users/syedamirshah/Documents/Learnify-Amir/backend/venv/lib/python3.9/site-packages/django/template/response.py", line 72, in resolve_template
    return select_template(template, using=self.using)
  File "/Users/syedamirshah/Documents/Learnify-Amir/backend/venv/lib/python3.9/site-packages/django/template/loader.py", line 47, in select_template
    raise TemplateDoesNotExist(", ".join(template_name_list), chain=chain)
django.template.exceptions.TemplateDoesNotExist: registration/login.html
[16/Jul/2025 18:03:00] "GET /api/login/ HTTP/1.1" 500 81695
[16/Jul/2025 18:03:04] "GET /admin/ HTTP/1.1" 302 0
[16/Jul/2025 18:03:04] "GET /admin/login/?next=/admin/ HTTP/1.1" 200 4181
/Users/syedamirshah/Documents/Learnify-Amir/backend/core/urls.py changed, reloading.
Performing system checks...

July 16, 2025 - 18:02:01
Django version 4.2.21, using settings 'learnify.settings'
Starting development server at http://0.0.0.0:8000/
Quit the server with CONTROL-C.

Watching for file changes with StatReloader
/Users/syedamirshah/Documents/Learnify-Amir/backend/venv/lib/python3.9/site-packages/urllib3/__init__.py:35: NotOpenSSLWarning: urllib3 v2 only supports OpenSSL 1.1.1+, currently the 'ssl' module is compiled with 'LibreSSL 2.8.3'. See: https://github.com/urllib3/urllib3/issues/3020
  warnings.warn(
System check identified some issues:

WARNINGS:
?: (ckeditor.W001) django-ckeditor bundles CKEditor 4.22.1 which isn't supported anymore and which does have unfixed security issues, see for example https://ckeditor.com/cke4/release/CKEditor-4.24.0-LTS . You should consider strongly switching to a different editor (maybe CKEditor 5 respectively django-ckeditor-5 after checking whether the CKEditor 5 license terms work for you) or switch to the non-free CKEditor 4 LTS package. See https://ckeditor.com/ckeditor-4-support/ for more on this. (Note! This notice has been added by the django-ckeditor developers and we are not affiliated with CKSource and were not involved in the licensing change, so please refrain from complaining to us. Thanks.)

System check identified 1 issue (0 silenced).
[16/Jul/2025 18:07:33] "POST /admin/login/?next=/admin/ HTTP/1.1" 302 0
[16/Jul/2025 18:07:33] "GET /admin/ HTTP/1.1" 200 3238
[16/Jul/2025 18:07:36] "GET /admin/ HTTP/1.1" 200 3238
[16/Jul/2025 18:07:38] "GET /api/login/ HTTP/1.1" 200 595
[16/Jul/2025 18:07:41] "POST /api/login/ HTTP/1.1" 302 0
Not Found: /accounts/profile/
[16/Jul/2025 18:07:41] "GET /accounts/profile/ HTTP/1.1" 404 14620
/Users/syedamirshah/Documents/Learnify-Amir/backend/core/urls.py changed, reloading.
Performing system checks...

July 16, 2025 - 18:07:32
Django version 4.2.21, using settings 'learnify.settings'
Starting development server at http://0.0.0.0:8000/
Quit the server with CONTROL-C.

Watching for file changes with StatReloader
/Users/syedamirshah/Documents/Learnify-Amir/backend/venv/lib/python3.9/site-packages/urllib3/__init__.py:35: NotOpenSSLWarning: urllib3 v2 only supports OpenSSL 1.1.1+, currently the 'ssl' module is compiled with 'LibreSSL 2.8.3'. See: https://github.com/urllib3/urllib3/issues/3020
  warnings.warn(
System check identified some issues:

WARNINGS:
?: (ckeditor.W001) django-ckeditor bundles CKEditor 4.22.1 which isn't supported anymore and which does have unfixed security issues, see for example https://ckeditor.com/cke4/release/CKEditor-4.24.0-LTS . You should consider strongly switching to a different editor (maybe CKEditor 5 respectively django-ckeditor-5 after checking whether the CKEditor 5 license terms work for you) or switch to the non-free CKEditor 4 LTS package. See https://ckeditor.com/ckeditor-4-support/ for more on this. (Note! This notice has been added by the django-ckeditor developers and we are not affiliated with CKSource and were not involved in the licensing change, so please refrain from complaining to us. Thanks.)

System check identified 1 issue (0 silenced).
Not Found: /api/login/
[17/Jul/2025 05:10:51] "GET /api/login/ HTTP/1.1" 404 24781
[17/Jul/2025 05:10:53] "GET /admin/ HTTP/1.1" 200 2857
/Users/syedamirshah/Documents/Learnify-Amir/backend/core/urls.py changed, reloading.
Performing system checks...

July 17, 2025 - 05:09:31
Django version 4.2.21, using settings 'learnify.settings'
Starting development server at http://0.0.0.0:8000/
Quit the server with CONTROL-C.

Watching for file changes with StatReloader
/Users/syedamirshah/Documents/Learnify-Amir/backend/venv/lib/python3.9/site-packages/urllib3/__init__.py:35: NotOpenSSLWarning: urllib3 v2 only supports OpenSSL 1.1.1+, currently the 'ssl' module is compiled with 'LibreSSL 2.8.3'. See: https://github.com/urllib3/urllib3/issues/3020
  warnings.warn(
System check identified some issues:

WARNINGS:
?: (ckeditor.W001) django-ckeditor bundles CKEditor 4.22.1 which isn't supported anymore and which does have unfixed security issues, see for example https://ckeditor.com/cke4/release/CKEditor-4.24.0-LTS . You should consider strongly switching to a different editor (maybe CKEditor 5 respectively django-ckeditor-5 after checking whether the CKEditor 5 license terms work for you) or switch to the non-free CKEditor 4 LTS package. See https://ckeditor.com/ckeditor-4-support/ for more on this. (Note! This notice has been added by the django-ckeditor developers and we are not affiliated with CKSource and were not involved in the licensing change, so please refrain from complaining to us. Thanks.)

System check identified 1 issue (0 silenced).
/Users/syedamirshah/Documents/Learnify-Amir/backend/learnify/settings.py changed, reloading.
Performing system checks...

July 17, 2025 - 05:22:43
Django version 4.2.21, using settings 'learnify.settings'
Starting development server at http://0.0.0.0:8000/
Quit the server with CONTROL-C.

/Users/syedamirshah/Documents/Learnify-Amir/backend/venv/lib/python3.9/site-packages/urllib3/__init__.py:35: NotOpenSSLWarning: urllib3 v2 only supports OpenSSL 1.1.1+, currently the 'ssl' module is compiled with 'LibreSSL 2.8.3'. See: https://github.com/urllib3/urllib3/issues/3020
  warnings.warn(
System check identified some issues:

WARNINGS:
?: (ckeditor.W001) django-ckeditor bundles CKEditor 4.22.1 which isn't supported anymore and which does have unfixed security issues, see for example https://ckeditor.com/cke4/release/CKEditor-4.24.0-LTS . You should consider strongly switching to a different editor (maybe CKEditor 5 respectively django-ckeditor-5 after checking whether the CKEditor 5 license terms work for you) or switch to the non-free CKEditor 4 LTS package. See https://ckeditor.com/ckeditor-4-support/ for more on this. (Note! This notice has been added by the django-ckeditor developers and we are not affiliated with CKSource and were not involved in the licensing change, so please refrain from complaining to us. Thanks.)

System check identified 1 issue (0 silenced).
Performing system checks...

July 17, 2025 - 05:59:13
Django version 4.2.21, using settings 'learnify.settings'
Starting development server at http://0.0.0.0:8000/
Quit the server with CONTROL-C.

/Users/syedamirshah/Documents/Learnify-Amir/backend/venv/lib/python3.9/site-packages/urllib3/__init__.py:35: NotOpenSSLWarning: urllib3 v2 only supports OpenSSL 1.1.1+, currently the 'ssl' module is compiled with 'LibreSSL 2.8.3'. See: https://github.com/urllib3/urllib3/issues/3020
  warnings.warn(
System check identified some issues:

WARNINGS:
?: (ckeditor.W001) django-ckeditor bundles CKEditor 4.22.1 which isn't supported anymore and which does have unfixed security issues, see for example https://ckeditor.com/cke4/release/CKEditor-4.24.0-LTS . You should consider strongly switching to a different editor (maybe CKEditor 5 respectively django-ckeditor-5 after checking whether the CKEditor 5 license terms work for you) or switch to the non-free CKEditor 4 LTS package. See https://ckeditor.com/ckeditor-4-support/ for more on this. (Note! This notice has been added by the django-ckeditor developers and we are not affiliated with CKSource and were not involved in the licensing change, so please refrain from complaining to us. Thanks.)

System check identified 1 issue (0 silenced).
